  Camera.cpp
  Entity.cpp
  main.cpp
  Mesh.cpp
c:\hlocal\graficos_computacion-development\proyectosig_vs17_gl_fg_glm\ig1app\mesh.cpp(80): warning C4018: '<': signed/unsigned mismatch
c:\hlocal\graficos_computacion-development\proyectosig_vs17_gl_fg_glm\ig1app\mesh.cpp(107): warning C4018: '<': signed/unsigned mismatch
c:\hlocal\graficos_computacion-development\proyectosig_vs17_gl_fg_glm\ig1app\mesh.cpp(233): warning C4244: '=': conversion from 'GLdouble' to 'GLuint', possible loss of data
c:\hlocal\graficos_computacion-development\proyectosig_vs17_gl_fg_glm\ig1app\mesh.cpp(242): warning C4018: '<': signed/unsigned mismatch
c:\hlocal\graficos_computacion-development\proyectosig_vs17_gl_fg_glm\ig1app\mesh.cpp(260): warning C4244: '=': conversion from 'GLdouble' to 'GLuint', possible loss of data
c:\hlocal\graficos_computacion-development\proyectosig_vs17_gl_fg_glm\ig1app\mesh.cpp(268): warning C4018: '<': signed/unsigned mismatch
  Pixmap32RGBA.cpp
  Scene.cpp
  Texture.cpp
  Viewport.cpp
  Generating Code...
  LINK : C:\hlocal\Graficos_computacion-development\ProyectosIG_VS17_GL_FG_GLM\bin\IG1AppDebug.exe not found or not built by the last incremental link; performing full link
main.obj : error LNK2019: unresolved external symbol __imp_glutInitWindowSize referenced in function main
main.obj : error LNK2019: unresolved external symbol __imp_glutInitDisplayMode referenced in function main
main.obj : error LNK2019: unresolved external symbol __imp_glutMainLoop referenced in function main
main.obj : error LNK2019: unresolved external symbol __imp_glutDestroyWindow referenced in function main
main.obj : error LNK2019: unresolved external symbol __imp_glutPostRedisplay referenced in function "void __cdecl key(unsigned char,int,int)" (?key@@YAXEHH@Z)
main.obj : error LNK2019: unresolved external symbol __imp_glutSwapBuffers referenced in function "void __cdecl display(void)" (?display@@YAXXZ)
main.obj : error LNK2019: unresolved external symbol __imp_glutKeyboardFunc referenced in function main
main.obj : error LNK2019: unresolved external symbol __imp_glutSpecialFunc referenced in function main
main.obj : error LNK2019: unresolved external symbol __imp_glutReshapeFunc referenced in function main
main.obj : error LNK2019: unresolved external symbol __imp_glutDisplayFunc referenced in function main
main.obj : error LNK2019: unresolved external symbol __imp___glutInitWithExit referenced in function glutInit_ATEXIT_HACK
main.obj : error LNK2019: unresolved external symbol __imp___glutCreateWindowWithExit referenced in function glutCreateWindow_ATEXIT_HACK
main.obj : error LNK2019: unresolved external symbol __imp_glutLeaveMainLoop referenced in function "void __cdecl key(unsigned char,int,int)" (?key@@YAXEHH@Z)
main.obj : error LNK2019: unresolved external symbol __imp_glutSetOption referenced in function main
main.obj : error LNK2019: unresolved external symbol __imp_glutInitContextVersion referenced in function main
main.obj : error LNK2019: unresolved external symbol __imp_glutInitContextFlags referenced in function main
main.obj : error LNK2019: unresolved external symbol __imp_glutInitContextProfile referenced in function main
C:\hlocal\Graficos_computacion-development\ProyectosIG_VS17_GL_FG_GLM\freeglut\lib\x86\freeglut.lib : warning LNK4272: library machine type 'x86' conflicts with target machine type 'x64'
C:\hlocal\Graficos_computacion-development\ProyectosIG_VS17_GL_FG_GLM\bin\IG1AppDebug.exe : fatal error LNK1120: 17 unresolved externals
